<?xml version="1.0" encoding="UTF-8"?>
<!-- Generated by org.testng.reporters.JUnitReportReporter -->
<testsuite hostname="DESKTOP-1M8QMMN" failures="0" tests="1" name="test.company.tests.SearchResultsTest" time="46.640" errors="0" timestamp="05 Apr 2021 18:55:14 GMT" skipped="0">
  <testcase classname="test.company.tests.SearchResultsTest" name="verifyFlightResults" time="46.640"/>
</testsuite> <!-- test.company.tests.SearchResultsTest -->
