<?xml version="1.0" encoding="UTF-8"?>
<!-- Generated by org.testng.reporters.JUnitReportReporter -->
<testsuite ignored="0" hostname="DESKTOP-1M8QMMN" failures="0" tests="1" name="test.company.tests.SearchResultsTest" time="78.921" errors="0" timestamp="05 Apr 2021 19:19:04 GMT" skipped="0">
  <testcase classname="test.company.tests.SearchResultsTest" name="verifyFlightResults" time="78.921"/>
</testsuite> <!-- test.company.tests.SearchResultsTest -->
